<?xml version="1.0" encoding="UTF-8"?>
<!-- Generated by org.testng.reporters.JUnitReportReporter -->
<testsuite skipped="0" hostname="xpitax-11568" name="etc.Parameter1" tests="1" failures="0" timestamp="2021-02-10T14:55:12 IST" time="0.024" errors="0">
  <testcase name="testA" time="0.024" classname="etc.Parameter1"/>
  <system-out>
c  </system-out>
</testsuite> <!-- etc.Parameter1 -->
